[10:56:39] [ServerMain/INFO]: Environment: Environment[sessionHost=https://sessionserver.mojang.com, servicesHost=https://api.minecraftservices.com, name=PROD]
[10:56:40] [ServerMain/INFO]: No existing world data, creating new world
[10:56:41] [ServerMain/INFO]: Loaded 1407 recipes
[10:56:41] [ServerMain/INFO]: Loaded 1520 advancements
[10:56:41] [Server thread/INFO]: Starting minecraft server version 1.21.8
[10:56:41] [Server thread/INFO]: Loading properties
[10:56:41] [Server thread/INFO]: Default game type: SURVIVAL
[10:56:41] [Server thread/INFO]: Generating keypair
[10:56:41] [Server thread/INFO]: Starting Minecraft server on *:25565
[10:56:42] [Server thread/INFO]: Using epoll channel type
[10:56:42] [Server thread/INFO]: Preparing level "world"
[10:56:47] [Server thread/INFO]: Preparing start region for dimension minecraft:overworld
[10:56:48] [Worker-Main-2/INFO]: Preparing spawn area: 2%
[10:56:48] [Worker-Main-2/INFO]: Preparing spawn area: 2%
[10:56:48] [Worker-Main-3/INFO]: Preparing spawn area: 2%
[10:56:49] [Worker-Main-3/INFO]: Preparing spawn area: 2%
[10:56:49] [Worker-Main-1/INFO]: Preparing spawn area: 18%
[10:56:50] [Worker-Main-3/INFO]: Preparing spawn area: 18%
[10:56:50] [Worker-Main-2/INFO]: Preparing spawn area: 18%
[10:56:51] [Worker-Main-2/INFO]: Preparing spawn area: 51%
[10:56:52] [Worker-Main-3/INFO]: Preparing spawn area: 51%
[10:56:52] [Worker-Main-1/INFO]: Preparing spawn area: 51%
[10:56:52] [Worker-Main-1/INFO]: Preparing spawn area: 51%
[10:56:53] [Server thread/INFO]: Time elapsed: 5098 ms
[10:56:53] [Server thread/INFO]: Done (10.937s)! For help, type "help"
[10:57:53] [Server thread/INFO]: Server empty for 60 seconds, pausing
